# JRE version: OpenJDK Runtime Environment (8.0_242-b01) (build 1.8.0_242-release-1644-b01)
# Java VM: OpenJDK 64-Bit Server VM (25.242-b01 mixed mode windows-amd64 compressed oops)
Heap:
 PSYoungGen      total 141824K, used 7513K [0x00000000e0000000, 0x00000000e9500000, 0x0000000100000000)
  eden space 131072K, 5% used [0x00000000e0000000,0x00000000e07564c0,0x00000000e8000000)
  from space 10752K, 0% used [0x00000000e8000000,0x00000000e8000000,0x00000000e8a80000)
  to   space 10752K, 0% used [0x00000000e8a80000,0x00000000e8a80000,0x00000000e9500000)
 ParOldGen       total 91136K, used 9486K [0x00000000a0000000, 0x00000000a5900000, 0x00000000e0000000)
  object space 91136K, 10% used [0x00000000a0000000,0x00000000a0943b80,0x00000000a5900000)
 Metaspace       used 31427K, capacity 32124K, committed 32560K, reserved 1085440K
  class space    used 4290K, capacity 4507K, committed 4656K, reserved 1048576K
GC Heap History (10 events):
Event: 4.239 GC heap before
{Heap before GC invocations=27 (full 12):
 PSYoungGen      total 141824K, used 0K [0x00000000e0000000, 0x00000000e9500000, 0x0000000100000000)
  eden space 131072K, 0% used [0x00000000e0000000,0x00000000e0000000,0x00000000e8000000)
  from space 10752K, 0% used [0x00000000e8000000,0x00000000e8000000,0x00000000e8a80000)
  to   space 10752K, 0% used [0x00000000e8a80000,0x00000000e8a80000,0x00000000e9500000)
 ParOldGen       total 91136K, used 9487K [0x00000000a0000000, 0x00000000a5900000, 0x00000000e0000000)
  object space 91136K, 10% used [0x00000000a0000000,0x00000000a0943c58,0x00000000a5900000)
 Metaspace       used 31084K, capacity 31662K, committed 32176K, reserved 1087488K
  class space    used 4234K, capacity 4426K, committed 4528K, reserved 1048576K
Event: 4.254 GC heap after
Heap after GC invocations=27 (full 12):
 PSYoungGen      total 141824K, used 0K [0x00000000e0000000, 0x00000000e9500000, 0x0000000100000000)
  eden space 131072K, 0% used [0x00000000e0000000,0x00000000e0000000,0x00000000e8000000)
  from space 10752K, 0% used [0x00000000e8000000,0x00000000e8000000,0x00000000e8a80000)
  to   space 10752K, 0% used [0x00000000e8a80000,0x00000000e8a80000,0x00000000e9500000)
 ParOldGen       total 91136K, used 9487K [0x00000000a0000000, 0x00000000a5900000, 0x00000000e0000000)
  object space 91136K, 10% used [0x00000000a0000000,0x00000000a0943c58,0x00000000a5900000)
 Metaspace       used 31084K, capacity 31662K, committed 32176K, reserved 1083392K
  class space    used 4234K, capacity 4426K, committed 4528K, reserved 1048576K
}
Event: 4.255 GC heap before
{Heap before GC invocations=28 (full 12):
 PSYoungGen      total 141824K, used 0K [0x00000000e0000000, 0x00000000e9500000, 0x0000000100000000)
  eden space 131072K, 0% used [0x00000000e0000000,0x00000000e0000098,0x00000000e8000000)
  from space 10752K, 0% used [0x00000000e8000000,0x00000000e8000000,0x00000000e8a80000)
  to   space 10752K, 0% used [0x00000000e8a80000,0x00000000e8a80000,0x00000000e9500000)
 ParOldGen       total 91136K, used 9487K [0x00000000a0000000, 0x00000000a5900000, 0x00000000e0000000)
  object space 91136K, 10% used [0x00000000a0000000,0x00000000a0943c58,0x00000000a5900000)
 Metaspace       used 31084K, capacity 31662K, committed 32176K, reserved 1089536K
  class space    used 4234K, capacity 4426K, committed 4528K, reserved 1048576K
Event: 4.255 GC heap after
Heap after GC invocations=28 (full 12):
 PSYoungGen      total 141824K, used 64K [0x00000000e0000000, 0x00000000e9500000, 0x0000000100000000)
  eden space 131072K, 0% used [0x00000000e0000000,0x00000000e0000000,0x00000000e8000000)
  from space 10752K, 0% used [0x00000000e8a80000,0x00000000e8a90000,0x00000000e9500000)
  to   space 10752K, 0% used [0x00000000e8000000,0x00000000e8000000,0x00000000e8a80000)
 ParOldGen       total 91136K, used 9487K [0x00000000a0000000, 0x00000000a5900000, 0x00000000e0000000)
  object space 91136K, 10% used [0x00000000a0000000,0x00000000a0943c58,0x00000000a5900000)
 Metaspace       used 31084K, capacity 31662K, committed 32176K, reserved 1089536K
  class space    used 4234K, capacity 4426K, committed 4528K, reserved 1048576K
}
Event: 4.255 GC heap before
{Heap before GC invocations=29 (full 13):
 PSYoungGen      total 141824K, used 64K [0x00000000e0000000, 0x00000000e9500000, 0x0000000100000000)
  eden space 131072K, 0% used [0x00000000e0000000,0x00000000e0000000,0x00000000e8000000)
  from space 10752K, 0% used [0x00000000e8a80000,0x00000000e8a90000,0x00000000e9500000)
  to   space 10752K, 0% used [0x00000000e8000000,0x00000000e8000000,0x00000000e8a80000)
 ParOldGen       total 91136K, used 9487K [0x00000000a0000000, 0x00000000a5900000, 0x00000000e0000000)
  object space 91136K, 10% used [0x00000000a0000000,0x00000000a0943c58,0x00000000a5900000)
 Metaspace       used 31084K, capacity 31662K, committed 32176K, reserved 1089536K
  class space    used 4234K, capacity 4426K, committed 4528K, reserved 1048576K
Event: 4.275 GC heap after
Heap after GC invocations=29 (full 13):
 PSYoungGen      total 141824K, used 0K [0x00000000e0000000, 0x00000000e9500000, 0x0000000100000000)
  eden space 131072K, 0% used [0x00000000e0000000,0x00000000e0000000,0x00000000e8000000)
  from space 10752K, 0% used [0x00000000e8a80000,0x00000000e8a80000,0x00000000e9500000)
  to   space 10752K, 0% used [0x00000000e8000000,0x00000000e8000000,0x00000000e8a80000)
 ParOldGen       total 91136K, used 9486K [0x00000000a0000000, 0x00000000a5900000, 0x00000000e0000000)
  object space 91136K, 10% used [0x00000000a0000000,0x00000000a0943b90,0x00000000a5900000)
 Metaspace       used 31084K, capacity 31662K, committed 32176K, reserved 1083392K
  class space    used 4234K, capacity 4426K, committed 4528K, reserved 1048576K
}
Event: 4.275 GC heap before
{Heap before GC invocations=30 (full 13):
 PSYoungGen      total 141824K, used 0K [0x00000000e0000000, 0x00000000e9500000, 0x0000000100000000)
  eden space 131072K, 0% used [0x00000000e0000000,0x00000000e0000000,0x00000000e8000000)
  from space 10752K, 0% used [0x00000000e8a80000,0x00000000e8a80000,0x00000000e9500000)
  to   space 10752K, 0% used [0x00000000e8000000,0x00000000e8000000,0x00000000e8a80000)
 ParOldGen       total 91136K, used 9486K [0x00000000a0000000, 0x00000000a5900000, 0x00000000e0000000)
  object space 91136K, 10% used [0x00000000a0000000,0x00000000a0943b90,0x00000000a5900000)
 Metaspace       used 31084K, capacity 31662K, committed 32176K, reserved 1087488K
  class space    used 4234K, capacity 4426K, committed 4528K, reserved 1048576K
Event: 4.276 GC heap after
Heap after GC invocations=30 (full 13):
 PSYoungGen      total 141824K, used 0K [0x00000000e0000000, 0x00000000e9500000, 0x0000000100000000)
  eden space 131072K, 0% used [0x00000000e0000000,0x00000000e0000000,0x00000000e8000000)
  from space 10752K, 0% used [0x00000000e8000000,0x00000000e8000000,0x00000000e8a80000)
  to   space 10752K, 0% used [0x00000000e8a80000,0x00000000e8a80000,0x00000000e9500000)
 ParOldGen       total 91136K, used 9486K [0x00000000a0000000, 0x00000000a5900000, 0x00000000e0000000)
  object space 91136K, 10% used [0x00000000a0000000,0x00000000a0943b90,0x00000000a5900000)
 Metaspace       used 31084K, capacity 31662K, committed 32176K, reserved 1087488K
  class space    used 4234K, capacity 4426K, committed 4528K, reserved 1048576K
}
Event: 4.276 GC heap before
{Heap before GC invocations=31 (full 14):
 PSYoungGen      total 141824K, used 0K [0x00000000e0000000, 0x00000000e9500000, 0x0000000100000000)
  eden space 131072K, 0% used [0x00000000e0000000,0x00000000e0000000,0x00000000e8000000)
  from space 10752K, 0% used [0x00000000e8000000,0x00000000e8000000,0x00000000e8a80000)
  to   space 10752K, 0% used [0x00000000e8a80000,0x00000000e8a80000,0x00000000e9500000)
 ParOldGen       total 91136K, used 9486K [0x00000000a0000000, 0x00000000a5900000, 0x00000000e0000000)
  object space 91136K, 10% used [0x00000000a0000000,0x00000000a0943b90,0x00000000a5900000)
 Metaspace       used 31084K, capacity 31662K, committed 32176K, reserved 1087488K
  class space    used 4234K, capacity 4426K, committed 4528K, reserved 1048576K
Event: 4.299 GC heap after
Heap after GC invocations=31 (full 14):
 PSYoungGen      total 141824K, used 0K [0x00000000e0000000, 0x00000000e9500000, 0x0000000100000000)
  eden space 131072K, 0% used [0x00000000e0000000,0x00000000e0000000,0x00000000e8000000)
  from space 10752K, 0% used [0x00000000e8000000,0x00000000e8000000,0x00000000e8a80000)
  to   space 10752K, 0% used [0x00000000e8a80000,0x00000000e8a80000,0x00000000e9500000)
 ParOldGen       total 91136K, used 9486K [0x00000000a0000000, 0x00000000a5900000, 0x00000000e0000000)
  object space 91136K, 10% used [0x00000000a0000000,0x00000000a0943b80,0x00000000a5900000)
 Metaspace       used 31084K, capacity 31662K, committed 32176K, reserved 1083392K
  class space    used 4234K, capacity 4426K, committed 4528K, reserved 1048576K
}

